\BOOKMARK [0][-]{chapter.1}{\376\377\0001\000\040\000U\000v\000o\000d}{}% 1
\BOOKMARK [0][-]{chapter.2}{\376\377\0002\000\040\000M\000e\000t\000o\000d\000e\000\040\000i\000\040\000t\000e\000h\000n\000i\000k\000e\000\040\000r\000a\000d\000a}{}% 2
\BOOKMARK [0][-]{chapter.3}{\376\377\0003\000\040\000G\000N\000U\000/\000L\000i\000n\000u\000x}{}% 3
\BOOKMARK [1][-]{section.3.1}{\376\377\0003\000.\0001\000\040\000M\000o\000g\000u\001\007\000n\000o\000s\000t\000i\000\040\000i\000n\000s\000t\000a\000l\000a\000c\000i\000j\000e\000,\000\040\000W\000S\000L\000\040\0002}{chapter.3}% 4
\BOOKMARK [0][-]{chapter.4}{\376\377\0004\000\040\000N\000a\000r\000e\000d\000b\000e\000n\000o\000-\000l\000i\000n\000i\000j\000s\000k\000o\000\040\000s\000u\001\015\000e\000l\000j\000e\000\040\000O\000S\000-\000a}{}% 5
\BOOKMARK [1][-]{section.4.1}{\376\377\0004\000.\0001\000\040\000O\000s\000n\000o\000v\000e\000\040\000G\000N\000U\000/\000L\000i\000n\000u\000x\000\040\000n\000a\000r\000e\000d\000b\000e\000n\000o\000g\000\040\000s\000u\001\015\000e\000l\000j\000a}{chapter.4}% 6
\BOOKMARK [2][-]{subsection.4.1.1}{\376\377\0004\000.\0001\000.\0001\000\040\000N\000a\000v\000i\000g\000a\000c\000i\000j\000a}{section.4.1}% 7
\BOOKMARK [2][-]{subsection.4.1.2}{\376\377\0004\000.\0001\000.\0002\000\040\000P\000r\000e\000g\000l\000e\000d\000a\000v\000a\000n\000j\000e}{section.4.1}% 8
\BOOKMARK [2][-]{subsection.4.1.3}{\376\377\0004\000.\0001\000.\0003\000\040\000M\000a\000n\000i\000p\000u\000l\000i\000r\000a\000n\000j\000e}{section.4.1}% 9
\BOOKMARK [2][-]{subsection.4.1.4}{\376\377\0004\000.\0001\000.\0004\000\040\000U\000p\000u\000t\000e}{section.4.1}% 10
\BOOKMARK [2][-]{subsection.4.1.5}{\376\377\0004\000.\0001\000.\0005\000\040\000P\000r\000e\000u\000s\000m\000j\000e\000r\000a\000v\000a\000n\000j\000e\000\040\000u\000l\000a\000z\000a\000/\000i\000z\000l\000a\000z\000a\000,\000\040\000c\000j\000e\000v\000o\000v\000o\000d\000,\000\040\000f\000i\000l\000t\000e\000r}{section.4.1}% 11
\BOOKMARK [2][-]{subsection.4.1.6}{\376\377\0004\000.\0001\000.\0006\000\040\000P\000r\000o\001\141\000i\000r\000e\000n\000j\000e}{section.4.1}% 12
\BOOKMARK [2][-]{subsection.4.1.7}{\376\377\0004\000.\0001\000.\0007\000\040\000D\000o\000p\000u\001\141\000t\000e\000n\000j\000a}{section.4.1}% 13
\BOOKMARK [0][-]{chapter.5}{\376\377\0005\000\040\000S\000k\000r\000i\000p\000t\000i\000r\000a\000n\000j\000e\000\040\000u\000\040\000B\000a\000s\000h\000\040\000l\000j\000u\000s\000c\000i}{}% 14
\BOOKMARK [1][-]{section.5.1}{\376\377\0005\000.\0001\000\040\000V\000a\000r\000i\000j\000a\000b\000l\000e}{chapter.5}% 15
\BOOKMARK [1][-]{section.5.2}{\376\377\0005\000.\0002\000\040\000U\000l\000a\000z\000/\000I\000z\000l\000a\000z}{chapter.5}% 16
\BOOKMARK [1][-]{section.5.3}{\376\377\0005\000.\0003\000\040\000U\000v\000j\000e\000t\000n\000e\000\040\000i\000z\000j\000a\000v\000e}{chapter.5}% 17
\BOOKMARK [1][-]{section.5.4}{\376\377\0005\000.\0004\000\040\000P\000e\000t\000l\000j\000e}{chapter.5}% 18
\BOOKMARK [1][-]{section.5.5}{\376\377\0005\000.\0005\000\040\000O\000s\000t\000a\000l\000o}{chapter.5}% 19
\BOOKMARK [1][-]{section.5.6}{\376\377\0005\000.\0006\000\040\000P\000r\000i\000m\000j\000e\000r}{chapter.5}% 20
\BOOKMARK [0][-]{chapter.6}{\376\377\0006\000\040\000.\000N\000E\000T}{}% 21
\BOOKMARK [1][-]{section.6.1}{\376\377\0006\000.\0001\000\040\000I\000n\000s\000t\000a\000l\000a\000c\000i\000j\000a\000\040\000n\000a\000\040\000G\000N\000U\000/\000L\000i\000n\000u\000x\000\040\000o\000p\000e\000r\000a\000c\000i\000j\000s\000k\000o\000m\000\040\000s\000u\000s\000t\000a\000v\000u}{chapter.6}% 22
\BOOKMARK [1][-]{section.6.2}{\376\377\0006\000.\0002\000\040\000P\000r\000i\000m\000j\000e\000r}{chapter.6}% 23
\BOOKMARK [0][-]{chapter.7}{\376\377\0007\000\040\000d\000o\000t\000n\000e\000t\000-\000s\000c\000r\000i\000p\000t\000\040\000i\000\040\000d\000o\000t\000n\000e\000t\000-\000s\000h\000e\000l\000l}{}% 24
\BOOKMARK [0][-]{chapter.8}{\376\377\0008\000\040\000I\000n\000t\000e\000r\000o\000p\000e\000r\000a\000b\000i\000l\000n\000o\000s\000t}{}% 25
\BOOKMARK [0][-]{chapter.9}{\376\377\0009\000\040\000U\000s\000p\000o\000r\000e\000d\000b\000a\000\040\000p\000r\000e\000d\000n\000o\000s\000t\000i\000\040\000i\000\040\000n\000e\000d\000o\000s\000t\000a\000t\000a\000k\000a\000\040\000.\000N\000E\000T\000\040\000s\000k\000r\000i\000p\000t\000i\000\040\000i\000\040\000k\000l\000a\000s\000i\001\015\000n\000i\000h\000\040\000s\000h\000e\000l\000l\000\040\000s\000k\000r\000i\000p\000t\000i}{}% 26
\BOOKMARK [1][-]{section.9.1}{\376\377\0009\000.\0001\000\040\000B\000a\000s\000h\000\040\000s\000k\000r\000i\000p\000t\000a\000\040\000k\000a\000o\000\040\000.\000N\000E\000T\000\040\000s\000k\000r\000i\000p\000t\000a}{chapter.9}% 27
\BOOKMARK [1][-]{section.9.2}{\376\377\0009\000.\0002\000\040\000.\000N\000E\000T\000\040\000s\000k\000r\000i\000p\000t\000a\000\040\000k\000a\000o\000\040\000B\000a\000s\000h\000\040\000s\000k\000r\000i\000p\000t\000a}{chapter.9}% 28
\BOOKMARK [0][-]{chapter.10}{\376\377\0001\0000\000\040\000Z\000a\000k\000l\000j\000u\001\015\000a\000k}{}% 29
\BOOKMARK [0][-]{chapter*.25}{\376\377\000P\000o\000p\000i\000s\000\040\000l\000i\000t\000e\000r\000a\000t\000u\000r\000e}{}% 30
\BOOKMARK [0][-]{chapter*.26}{\376\377\000P\000o\000p\000i\000s\000\040\000s\000l\000i\000k\000a}{}% 31
\BOOKMARK [0][-]{chapter*.27}{\376\377\000P\000o\000p\000i\000s\000\040\000t\000a\000b\000l\000i\000c\000a}{}% 32
